[debug] [2018-07-22T10:31:47.107Z] ----------------------------------------------------------------------
[debug] [2018-07-22T10:31:47.109Z] Command:       /usr/local/bin/node /usr/local/bin/firebase serve
[debug] [2018-07-22T10:31:47.110Z] CLI Version:   3.19.3
[debug] [2018-07-22T10:31:47.110Z] Platform:      linux
[debug] [2018-07-22T10:31:47.110Z] Node Version:  v10.0.0
[debug] [2018-07-22T10:31:47.110Z] Time:          Sun Jul 22 2018 16:01:47 GMT+0530 (IST)
[debug] [2018-07-22T10:31:47.110Z] ----------------------------------------------------------------------
[debug] 
[debug] [2018-07-22T10:31:47.148Z] > command requires scopes: ["email","openid","https://www.googleapis.com/auth/cloudplatformprojects.readonly","https://www.googleapis.com/auth/firebase","https://www.googleapis.com/auth/cloud-platform"]
[debug] [2018-07-22T10:31:47.149Z] > authorizing via signed-in user
[debug] [2018-07-22T10:31:47.151Z] > refreshing access token with scopes: ["email","https://www.googleapis.com/auth/cloud-platform","https://www.googleapis.com/auth/cloudplatformprojects.readonly","https://www.googleapis.com/auth/firebase","openid"]
[debug] [2018-07-22T10:31:47.151Z] >>> HTTP REQUEST POST https://www.googleapis.com/oauth2/v3/token  
 { refresh_token: '1/AjLOvF4jp69hhAqVsjci5QXm92EKOvah8koVH1Xybxo',
  client_id: '563584335869-fgrhgmd47bqnekij5i8b5pr03ho849e6.apps.googleusercontent.com',
  client_secret: 'j9iVZfS8kkCEFUPaAeJV0sAi',
  grant_type: 'refresh_token',
  scope: 'email https://www.googleapis.com/auth/cloud-platform https://www.googleapis.com/auth/cloudplatformprojects.readonly https://www.googleapis.com/auth/firebase openid' } 
 Sun Jul 22 2018 16:01:47 GMT+0530 (IST)
[debug] [2018-07-22T10:31:50.121Z] <<< HTTP RESPONSE 200
[debug] [2018-07-22T10:31:50.173Z] >>> HTTP REQUEST GET https://admin.firebase.com/v1/projects/make-photo-gallery  
  
 Sun Jul 22 2018 16:01:50 GMT+0530 (IST)
[debug] [2018-07-22T10:32:02.664Z] <<< HTTP RESPONSE 200
[debug] [2018-07-22T10:32:02.666Z] >>> HTTP REQUEST GET https://admin.firebase.com/v1/database/make-photo-gallery/tokens  
  
 Sun Jul 22 2018 16:02:02 GMT+0530 (IST)
[debug] [2018-07-22T10:32:07.433Z] <<< HTTP RESPONSE 200
[debug] [2018-07-22T10:32:07.435Z] >>> HTTP REQUEST GET https://cloudresourcemanager.googleapis.com/v1/projects/make-photo-gallery  
  
 Sun Jul 22 2018 16:02:07 GMT+0530 (IST)
[debug] [2018-07-22T10:32:11.386Z] <<< HTTP RESPONSE 200
[info] 
[info] === Serving from '/home/himanshu/Desktop/Completeit'...
[info] 
[debug] [2018-07-22T10:32:11.389Z] >>> HTTP REQUEST GET https://mobilesdk-pa.googleapis.com/v1/projects/841127452391/clients/_:getWebAppConfig  
  
 Sun Jul 22 2018 16:02:11 GMT+0530 (IST)
[debug] [2018-07-22T10:32:17.192Z] <<< HTTP RESPONSE 200
[info] ✔  hosting: Local server: http://localhost:5000

